0 info it worked if it ends with ok
1 verbose cli [ '/usr/local/Cellar/node/7.1.0/bin/node',
1 verbose cli   '/usr/local/bin/npm',
1 verbose cli   'run',
1 verbose cli   'start' ]
2 info using npm@3.10.9
3 info using node@v7.1.0
4 verbose run-script [ 'prestart', 'start', 'poststart' ]
5 info lifecycle mhs-11@1.0.0~prestart: mhs-11@1.0.0
6 verbose lifecycle mhs-11@1.0.0~prestart: unsafe-perm in lifecycle true
7 verbose lifecycle mhs-11@1.0.0~prestart: PATH: /usr/local/lib/node_modules/npm/bin/node-gyp-bin:/Users/mhstrom/Work/mhs-11/node_modules/.bin:/usr/local/Cellar/node/7.1.0/bin:/Users/mhstrom/.rvm/gems/ruby-2.3.1/bin:/Users/mhstrom/.rvm/gems/ruby-2.3.1@global/bin:/Users/mhstrom/.rvm/rubies/ruby-2.3.1/bin:/usr/local/bin:/usr/bin:/bin:/usr/sbin:/sbin:/Users/mhstrom/.rvm/gems/ruby-2.3.1/bin:/Users/mhstrom/.rvm/gems/ruby-2.3.1@global/bin:/Users/mhstrom/.rvm/rubies/ruby-2.3.1/bin:/Users/mhstrom/.rvm/bin:/Users/mhstrom/.rvm/bin
8 verbose lifecycle mhs-11@1.0.0~prestart: CWD: /Users/mhstrom/Work/mhs-11
9 silly lifecycle mhs-11@1.0.0~prestart: Args: [ '-c', 'run-s clean' ]
10 silly lifecycle mhs-11@1.0.0~prestart: Returned: code: 0  signal: null
11 info lifecycle mhs-11@1.0.0~start: mhs-11@1.0.0
12 verbose lifecycle mhs-11@1.0.0~start: unsafe-perm in lifecycle true
13 verbose lifecycle mhs-11@1.0.0~start: PATH: /usr/local/lib/node_modules/npm/bin/node-gyp-bin:/Users/mhstrom/Work/mhs-11/node_modules/.bin:/usr/local/Cellar/node/7.1.0/bin:/Users/mhstrom/.rvm/gems/ruby-2.3.1/bin:/Users/mhstrom/.rvm/gems/ruby-2.3.1@global/bin:/Users/mhstrom/.rvm/rubies/ruby-2.3.1/bin:/usr/local/bin:/usr/bin:/bin:/usr/sbin:/sbin:/Users/mhstrom/.rvm/gems/ruby-2.3.1/bin:/Users/mhstrom/.rvm/gems/ruby-2.3.1@global/bin:/Users/mhstrom/.rvm/rubies/ruby-2.3.1/bin:/Users/mhstrom/.rvm/bin:/Users/mhstrom/.rvm/bin
14 verbose lifecycle mhs-11@1.0.0~start: CWD: /Users/mhstrom/Work/mhs-11
15 silly lifecycle mhs-11@1.0.0~start: Args: [ '-c', 'run-p develop:*' ]
16 silly lifecycle mhs-11@1.0.0~start: Returned: code: 1  signal: null
17 info lifecycle mhs-11@1.0.0~start: Failed to exec start script
18 verbose stack Error: mhs-11@1.0.0 start: `run-p develop:*`
18 verbose stack Exit status 1
18 verbose stack     at EventEmitter.<anonymous> (/usr/local/lib/node_modules/npm/lib/utils/lifecycle.js:255:16)
18 verbose stack     at emitTwo (events.js:106:13)
18 verbose stack     at EventEmitter.emit (events.js:191:7)
18 verbose stack     at ChildProcess.<anonymous> (/usr/local/lib/node_modules/npm/lib/utils/spawn.js:40:14)
18 verbose stack     at emitTwo (events.js:106:13)
18 verbose stack     at ChildProcess.emit (events.js:191:7)
18 verbose stack     at maybeClose (internal/child_process.js:885:16)
18 verbose stack     at Process.ChildProcess._handle.onexit (internal/child_process.js:226:5)
19 verbose pkgid mhs-11@1.0.0
20 verbose cwd /Users/mhstrom/Work/mhs-11
21 error Darwin 19.0.0
22 error argv "/usr/local/Cellar/node/7.1.0/bin/node" "/usr/local/bin/npm" "run" "start"
23 error node v7.1.0
24 error npm  v3.10.9
25 error code ELIFECYCLE
26 error mhs-11@1.0.0 start: `run-p develop:*`
26 error Exit status 1
27 error Failed at the mhs-11@1.0.0 start script 'run-p develop:*'.
27 error Make sure you have the latest version of node.js and npm installed.
27 error If you do, this is most likely a problem with the mhs-11 package,
27 error not with npm itself.
27 error Tell the author that this fails on your system:
27 error     run-p develop:*
27 error You can get information on how to open an issue for this project with:
27 error     npm bugs mhs-11
27 error Or if that isn't available, you can get their info via:
27 error     npm owner ls mhs-11
27 error There is likely additional logging output above.
28 verbose exit [ 1, true ]
